<?xml version="1.0" encoding="UTF-8"?>
<!-- Generated by org.testng.reporters.JUnitReportReporter -->
<testsuite name="com.wipro.webdriver.tests.OrderHistory" tests="8" time="0.001" ignored="2" failures="0" timestamp="31 Jan 2018 12:15:22 GMT" skipped="7" hostname="D-113064624" errors="1">
  <testcase name="selectFirstFeatureProductAndVerifyTheSameInPDPTest" time="0.000" classname="com.wipro.webdriver.tests.OrderHistory">
    <skipped/>
  </testcase> <!-- selectFirstFeatureProductAndVerifyTheSameInPDPTest -->
  <testcase name="confirmOrderAndVerifyTest" time="0.000" classname="com.wipro.webdriver.tests.OrderHistory">
    <skipped/>
  </testcase> <!-- confirmOrderAndVerifyTest -->
  <testcase name="verifyOrderInOrderHistoryTest" time="0.000" classname="com.wipro.webdriver.tests.OrderHistory">
    <skipped/>
  </testcase> <!-- verifyOrderInOrderHistoryTest -->
  <testcase name="navigateToHomePageTest" time="0.000" classname="com.wipro.webdriver.tests.OrderHistory">
    <skipped/>
  </testcase> <!-- navigateToHomePageTest -->
  <testcase name="loginToOpenCartTest" time="0.001" classname="com.wipro.webdriver.tests.OrderHistory">
    <skipped/>
  </testcase> <!-- loginToOpenCartTest -->
  <testcase name="beforeMethod" time="0.000" classname="com.wipro.webdriver.tests.OrderHistory">
    <error type="java.lang.NullPointerException">
      <![CDATA[java.lang.NullPointerException
	at com.wipro.webdriver.tests.ExtentReportBaseClass.beforeMethod(ExtentReportBaseClass.java:41)
	at sun.reflect.NativeMethodAccessorImpl.invoke0(Native Method)
	at sun.reflect.NativeMethodAccessorImpl.invoke(NativeMethodAccessorImpl.java:62)
	at sun.reflect.DelegatingMethodAccessorImpl.invoke(DelegatingMethodAccessorImpl.java:43)
	at java.lang.reflect.Method.invoke(Method.java:498)
	at org.testng.internal.MethodInvocationHelper.invokeMethod(MethodInvocationHelper.java:104)
	at org.testng.internal.Invoker.invokeConfigurationMethod(Invoker.java:515)
	at org.testng.internal.Invoker.invokeConfigurations(Invoker.java:217)
	at org.testng.internal.Invoker.invokeMethod(Invoker.java:590)
	at org.testng.internal.Invoker.invokeTestMethod(Invoker.java:851)
	at org.testng.internal.Invoker.invokeTestMethods(Invoker.java:1177)
	at org.testng.internal.TestMethodWorker.invokeTestMethods(TestMethodWorker.java:129)
	at org.testng.internal.TestMethodWorker.run(TestMethodWorker.java:112)
	at org.testng.TestRunner.privateRun(TestRunner.java:756)
	at org.testng.TestRunner.run(TestRunner.java:610)
	at org.testng.SuiteRunner.runTest(SuiteRunner.java:387)
	at org.testng.SuiteRunner.runSequentially(SuiteRunner.java:382)
	at org.testng.SuiteRunner.privateRun(SuiteRunner.java:340)
	at org.testng.SuiteRunner.run(SuiteRunner.java:289)
	at org.testng.SuiteRunnerWorker.runSuite(SuiteRunnerWorker.java:52)
	at org.testng.SuiteRunnerWorker.run(SuiteRunnerWorker.java:86)
	at org.testng.TestNG.runSuitesSequentially(TestNG.java:1293)
	at org.testng.TestNG.runSuitesLocally(TestNG.java:1218)
	at org.testng.TestNG.runSuites(TestNG.java:1133)
	at org.testng.TestNG.run(TestNG.java:1104)
	at org.testng.IDEARemoteTestNG.run(IDEARemoteTestNG.java:72)
	at org.testng.RemoteTestNGStarter.main(RemoteTestNGStarter.java:123)
]]>
    </error>
  </testcase> <!-- beforeMethod -->
  <testcase name="proceedForCheckoutTest" time="0.000" classname="com.wipro.webdriver.tests.OrderHistory">
    <skipped/>
  </testcase> <!-- proceedForCheckoutTest -->
  <testcase name="addProductUpdateQtyAndVerifyQtyInCartTest" time="0.000" classname="com.wipro.webdriver.tests.OrderHistory">
    <skipped/>
  </testcase> <!-- addProductUpdateQtyAndVerifyQtyInCartTest -->
  <testcase name="initializeExtentReport" classname="com.wipro.webdriver.tests.ExtentReportBaseClass">
    <skipped/>
  </testcase> <!-- initializeExtentReport -->
  <testcase name="deinitializeExtentReport" classname="com.wipro.webdriver.tests.ExtentReportBaseClass">
    <skipped/>
  </testcase> <!-- deinitializeExtentReport -->
</testsuite> <!-- com.wipro.webdriver.tests.OrderHistory -->
