<?xml version="1.0" encoding="UTF-8"?>
<!-- Generated by org.testng.reporters.JUnitReportReporter -->
<testsuite name="com.wipro.webdriver.tests.RegistrationAndAddToCart" tests="7" time="39.654" ignored="0" failures="0" timestamp="07 Feb 2018 06:03:07 GMT" skipped="0" hostname="D-113064624" errors="0">
  <testcase name="proceedForRegistrationTest" time="4.767" classname="com.wipro.webdriver.tests.RegistrationAndAddToCart"/>
  <testcase name="setNewUserDetailsTest" time="13.119" classname="com.wipro.webdriver.tests.RegistrationAndAddToCart"/>
  <testcase name="addProductToTheCartTest" time="4.962" classname="com.wipro.webdriver.tests.RegistrationAndAddToCart"/>
  <testcase name="removeProductFromWishListTest" time="5.014" classname="com.wipro.webdriver.tests.RegistrationAndAddToCart"/>
  <testcase name="navigateToHomePageTest" time="2.101" classname="com.wipro.webdriver.tests.RegistrationAndAddToCart"/>
  <testcase name="navigateToCommingSoonProductTest" time="5.609" classname="com.wipro.webdriver.tests.RegistrationAndAddToCart"/>
  <testcase name="addProductToTheWishListTest" time="4.082" classname="com.wipro.webdriver.tests.RegistrationAndAddToCart"/>
</testsuite> <!-- com.wipro.webdriver.tests.RegistrationAndAddToCart -->
