<?xml version="1.0" encoding="UTF-8"?>
<!-- Generated by org.testng.reporters.JUnitReportReporter -->
<testsuite name="com.wipro.webdriver.tests.RegistrationAndAddToCart" tests="7" time="33.460" ignored="2" failures="0" timestamp="31 Jan 2018 12:15:22 GMT" skipped="0" hostname="D-113064624" errors="0">
  <testcase name="removeProductFromWishListTest" time="4.031" classname="com.wipro.webdriver.tests.RegistrationAndAddToCart"/>
  <testcase name="addProductToTheWishListTest" time="3.723" classname="com.wipro.webdriver.tests.RegistrationAndAddToCart"/>
  <testcase name="setNewUserDetailsTest" time="11.378" classname="com.wipro.webdriver.tests.RegistrationAndAddToCart"/>
  <testcase name="proceedForRegistrationTest" time="3.163" classname="com.wipro.webdriver.tests.RegistrationAndAddToCart"/>
  <testcase name="navigateToHomePageTest" time="2.402" classname="com.wipro.webdriver.tests.RegistrationAndAddToCart"/>
  <testcase name="navigateToCommingSoonProductTest" time="4.795" classname="com.wipro.webdriver.tests.RegistrationAndAddToCart"/>
  <testcase name="addProductToTheCartTest" time="3.968" classname="com.wipro.webdriver.tests.RegistrationAndAddToCart"/>
  <testcase name="initializeExtentReport" classname="com.wipro.webdriver.tests.ExtentReportBaseClass">
    <skipped/>
  </testcase> <!-- initializeExtentReport -->
  <testcase name="deinitializeExtentReport" classname="com.wipro.webdriver.tests.ExtentReportBaseClass">
    <skipped/>
  </testcase> <!-- deinitializeExtentReport -->
</testsuite> <!-- com.wipro.webdriver.tests.RegistrationAndAddToCart -->
