<?xml version="1.0" encoding="UTF-8"?>
<!-- Generated by org.testng.reporters.JUnitReportReporter -->
<testsuite name="com.wipro.webdriver.tests.RegistrationAndAddToCart" tests="7" time="39.515" ignored="0" failures="0" timestamp="06 Feb 2018 13:04:06 GMT" skipped="0" hostname="D-113064624" errors="0">
  <testcase name="addProductToTheCartTest" time="4.427" classname="com.wipro.webdriver.tests.RegistrationAndAddToCart"/>
  <testcase name="setNewUserDetailsTest" time="13.498" classname="com.wipro.webdriver.tests.RegistrationAndAddToCart"/>
  <testcase name="removeProductFromWishListTest" time="5.370" classname="com.wipro.webdriver.tests.RegistrationAndAddToCart"/>
  <testcase name="proceedForRegistrationTest" time="3.547" classname="com.wipro.webdriver.tests.RegistrationAndAddToCart"/>
  <testcase name="navigateToHomePageTest" time="2.181" classname="com.wipro.webdriver.tests.RegistrationAndAddToCart"/>
  <testcase name="navigateToCommingSoonProductTest" time="5.854" classname="com.wipro.webdriver.tests.RegistrationAndAddToCart"/>
  <testcase name="addProductToTheWishListTest" time="4.638" classname="com.wipro.webdriver.tests.RegistrationAndAddToCart"/>
</testsuite> <!-- com.wipro.webdriver.tests.RegistrationAndAddToCart -->
