<?xml version="1.0" encoding="UTF-8"?>
<!-- Generated by org.testng.reporters.JUnitReportReporter -->
<testsuite name="com.wipro.webdriver.tests.SendEmailAndVerify" tests="3" time="180.789" ignored="0" failures="0" timestamp="13 Dec 2017 05:45:53 GMT" skipped="0" hostname="D-113064624" errors="0">
  <testcase name="searchAndDeleteEmailTest" time="47.336" classname="com.wipro.webdriver.tests.SendEmailAndVerify"/>
  <testcase name="composeANewEmailAndSendTest" time="94.234" classname="com.wipro.webdriver.tests.SendEmailAndVerify"/>
  <testcase name="loginToOutlookTest" time="39.219" classname="com.wipro.webdriver.tests.SendEmailAndVerify"/>
</testsuite> <!-- com.wipro.webdriver.tests.SendEmailAndVerify -->
